2025-05-15T05:27:07.702336 - Starting translation process
2025-05-15T05:27:07.702394 - Config: {'input_file': 'public/lk.xml', 'output_file': 'public/si.xml', 'mappings_file': 'translation_mappings.yml', 'debug_log': 'translation_debug.log'}
2025-05-15T05:27:07.702431 - Loaded mappings from translation_mappings.yml
2025-05-15T05:27:07.704594 - Loaded 22 direct mappings
2025-05-15T05:27:07.704626 - Starting translation: public/lk.xml → public/si.xml
2025-05-15T05:27:07.742527 - Found 28 channels in XML
2025-05-15T05:27:07.743001 - Checking channel: 
2025-05-15T05:27:07.743022 - Checking channel: 
2025-05-15T05:27:07.743040 - Checking channel: 
2025-05-15T05:27:07.743057 - Checking channel: 
2025-05-15T05:27:07.743072 - Checking channel: 
2025-05-15T05:27:07.743088 - Checking channel: 
2025-05-15T05:27:07.743104 - Checking channel: 
2025-05-15T05:27:07.743119 - Checking channel: 
2025-05-15T05:27:07.743135 - Checking channel: 
2025-05-15T05:27:07.743151 - Checking channel: 
2025-05-15T05:27:07.743167 - Checking channel: 
2025-05-15T05:27:07.743188 - Checking channel: 
2025-05-15T05:27:07.743205 - Checking channel: 
2025-05-15T05:27:07.743221 - Checking channel: 
2025-05-15T05:27:07.743237 - Checking channel: 
2025-05-15T05:27:07.743252 - Checking channel: 
2025-05-15T05:27:07.743268 - Checking channel: 
2025-05-15T05:27:07.743284 - Checking channel: 
2025-05-15T05:27:07.743299 - Checking channel: 
2025-05-15T05:27:07.743315 - Checking channel: 
2025-05-15T05:27:07.743330 - Checking channel: 
2025-05-15T05:27:07.743346 - Checking channel: 
2025-05-15T05:27:07.743361 - Checking channel: 
2025-05-15T05:27:07.743377 - Checking channel: 
2025-05-15T05:27:07.743392 - Checking channel: 
2025-05-15T05:27:07.743408 - Checking channel: 
2025-05-15T05:27:07.743423 - Checking channel: 
2025-05-15T05:27:07.743438 - Checking channel: 
2025-05-15T05:27:07.810840 - Successfully wrote output to public/si.xml
2025-05-15T05:27:07.810879 - Output file verification: SUCCESS
2025-05-15T05:27:07.813384 - Process completed: SUCCESS
2025-05-18T22:42:16.788727 - Starting translation process
2025-05-18T22:42:16.788770 - Config: {'input_file': 'public/lk.xml', 'output_file': 'public/si.xml', 'mappings_file': 'translation_mappings.yml', 'debug_log': 'translation_debug.log'}
2025-05-18T22:42:16.788806 - Loaded mappings from translation_mappings.yml
2025-05-18T22:42:16.790920 - Loaded 22 direct mappings
2025-05-18T22:42:16.790951 - Starting translation: public/lk.xml → public/si.xml
2025-05-18T22:42:16.819128 - Found 20 channels in XML
2025-05-18T22:42:16.819498 - Checking channel: 
2025-05-18T22:42:16.819535 - Checking channel: 
2025-05-18T22:42:16.819560 - Checking channel: 
2025-05-18T22:42:16.819579 - Checking channel: 
2025-05-18T22:42:16.819595 - Checking channel: 
2025-05-18T22:42:16.819612 - Checking channel: 
2025-05-18T22:42:16.819628 - Checking channel: 
2025-05-18T22:42:16.819643 - Checking channel: 
2025-05-18T22:42:16.819658 - Checking channel: 
2025-05-18T22:42:16.819681 - Checking channel: 
2025-05-18T22:42:16.819698 - Checking channel: 
2025-05-18T22:42:16.819714 - Checking channel: 
2025-05-18T22:42:16.819729 - Checking channel: 
2025-05-18T22:42:16.819744 - Checking channel: 
2025-05-18T22:42:16.819760 - Checking channel: 
2025-05-18T22:42:16.819776 - Checking channel: 
2025-05-18T22:42:16.819791 - Checking channel: 
2025-05-18T22:42:16.819807 - Checking channel: 
2025-05-18T22:42:16.819823 - Checking channel: 
2025-05-18T22:42:16.819838 - Checking channel: 
2025-05-18T22:42:16.863343 - Successfully wrote output to public/si.xml
2025-05-18T22:42:16.863377 - Output file verification: SUCCESS
2025-05-18T22:42:16.864969 - Process completed: SUCCESS
2025-05-19T13:46:52.705314 - Starting translation process
2025-05-19T13:46:52.705356 - Config: {'input_file': 'public/lk.xml', 'output_file': 'public/si.xml', 'mappings_file': 'translation_mappings.yml', 'debug_log': 'translation_debug.log'}
2025-05-19T13:46:52.705394 - Loaded mappings from translation_mappings.yml
2025-05-19T13:46:52.707601 - Loaded 22 direct mappings
2025-05-19T13:46:52.707634 - Starting translation: public/lk.xml → public/si.xml
2025-05-19T13:46:52.736850 - Found 20 channels in XML
2025-05-19T13:46:52.737246 - Checking channel: 
2025-05-19T13:46:52.737272 - Checking channel: 
2025-05-19T13:46:52.737291 - Checking channel: 
2025-05-19T13:46:52.737309 - Checking channel: 
2025-05-19T13:46:52.737326 - Checking channel: 
2025-05-19T13:46:52.737342 - Checking channel: 
2025-05-19T13:46:52.737358 - Checking channel: 
2025-05-19T13:46:52.737373 - Checking channel: 
2025-05-19T13:46:52.737389 - Checking channel: 
2025-05-19T13:46:52.737405 - Checking channel: 
2025-05-19T13:46:52.737422 - Checking channel: 
2025-05-19T13:46:52.737437 - Checking channel: 
2025-05-19T13:46:52.737453 - Checking channel: 
2025-05-19T13:46:52.737468 - Checking channel: 
2025-05-19T13:46:52.737484 - Checking channel: 
2025-05-19T13:46:52.737499 - Checking channel: 
2025-05-19T13:46:52.737515 - Checking channel: 
2025-05-19T13:46:52.737530 - Checking channel: 
2025-05-19T13:46:52.737546 - Checking channel: 
2025-05-19T13:46:52.737562 - Checking channel: 
2025-05-19T13:46:52.782220 - Successfully wrote output to public/si.xml
2025-05-19T13:46:52.782261 - Output file verification: SUCCESS
2025-05-19T13:46:52.784145 - Process completed: SUCCESS
2025-05-20T06:59:28.358912 - Starting translation process
2025-05-20T06:59:28.358956 - Config: {'input_file': 'public/lk.xml', 'output_file': 'public/si.xml', 'mappings_file': 'translation_mappings.yml', 'debug_log': 'translation_debug.log'}
2025-05-20T06:59:28.358993 - Loaded mappings from translation_mappings.yml
2025-05-20T06:59:28.361093 - Loaded 22 direct mappings
2025-05-20T06:59:28.361124 - Starting translation: public/lk.xml → public/si.xml
2025-05-20T06:59:28.388997 - Found 20 channels in XML
2025-05-20T06:59:28.389332 - Checking channel: 
2025-05-20T06:59:28.389355 - Checking channel: 
2025-05-20T06:59:28.389374 - Checking channel: 
2025-05-20T06:59:28.389391 - Checking channel: 
2025-05-20T06:59:28.389407 - Checking channel: 
2025-05-20T06:59:28.389423 - Checking channel: 
2025-05-20T06:59:28.389440 - Checking channel: 
2025-05-20T06:59:28.389461 - Checking channel: 
2025-05-20T06:59:28.389479 - Checking channel: 
2025-05-20T06:59:28.389495 - Checking channel: 
2025-05-20T06:59:28.389511 - Checking channel: 
2025-05-20T06:59:28.389526 - Checking channel: 
2025-05-20T06:59:28.389541 - Checking channel: 
2025-05-20T06:59:28.389556 - Checking channel: 
2025-05-20T06:59:28.389572 - Checking channel: 
2025-05-20T06:59:28.389588 - Checking channel: 
2025-05-20T06:59:28.389603 - Checking channel: 
2025-05-20T06:59:28.389619 - Checking channel: 
2025-05-20T06:59:28.389634 - Checking channel: 
2025-05-20T06:59:28.389650 - Checking channel: 
2025-05-20T06:59:28.434785 - Successfully wrote output to public/si.xml
2025-05-20T06:59:28.434844 - Output file verification: SUCCESS
2025-05-20T06:59:28.436519 - Process completed: SUCCESS
2025-05-20T13:47:14.501421 - Starting translation process
2025-05-20T13:47:14.501468 - Config: {'input_file': 'public/lk.xml', 'output_file': 'public/si.xml', 'mappings_file': 'translation_mappings.yml', 'debug_log': 'translation_debug.log'}
2025-05-20T13:47:14.501505 - Loaded mappings from translation_mappings.yml
2025-05-20T13:47:14.503688 - Loaded 22 direct mappings
2025-05-20T13:47:14.503720 - Starting translation: public/lk.xml → public/si.xml
2025-05-20T13:47:14.533672 - Found 20 channels in XML
2025-05-20T13:47:14.534019 - Checking channel: 
2025-05-20T13:47:14.534041 - Checking channel: 
2025-05-20T13:47:14.534060 - Checking channel: 
2025-05-20T13:47:14.534082 - Checking channel: 
2025-05-20T13:47:14.534114 - Checking channel: 
2025-05-20T13:47:14.534137 - Checking channel: 
2025-05-20T13:47:14.534154 - Checking channel: 
2025-05-20T13:47:14.534170 - Checking channel: 
2025-05-20T13:47:14.534186 - Checking channel: 
2025-05-20T13:47:14.534202 - Checking channel: 
2025-05-20T13:47:14.534217 - Checking channel: 
2025-05-20T13:47:14.534233 - Checking channel: 
2025-05-20T13:47:14.534248 - Checking channel: 
2025-05-20T13:47:14.534263 - Checking channel: 
2025-05-20T13:47:14.534289 - Checking channel: 
2025-05-20T13:47:14.534305 - Checking channel: 
2025-05-20T13:47:14.534321 - Checking channel: 
2025-05-20T13:47:14.534336 - Checking channel: 
2025-05-20T13:47:14.534352 - Checking channel: 
2025-05-20T13:47:14.534368 - Checking channel: 
2025-05-20T13:47:14.580222 - Successfully wrote output to public/si.xml
2025-05-20T13:47:14.580261 - Output file verification: SUCCESS
2025-05-20T13:47:14.582084 - Process completed: SUCCESS
2025-05-21T13:46:03.791463 - Starting translation process
2025-05-21T13:46:03.791508 - Config: {'input_file': 'public/lk.xml', 'output_file': 'public/si.xml', 'mappings_file': 'translation_mappings.yml', 'debug_log': 'translation_debug.log'}
2025-05-21T13:46:03.791544 - Loaded mappings from translation_mappings.yml
2025-05-21T13:46:03.793670 - Loaded 22 direct mappings
2025-05-21T13:46:03.793701 - Starting translation: public/lk.xml → public/si.xml
2025-05-21T13:46:03.822449 - Found 20 channels in XML
2025-05-21T13:46:03.822796 - Checking channel: 
2025-05-21T13:46:03.822818 - Checking channel: 
2025-05-21T13:46:03.822836 - Checking channel: 
2025-05-21T13:46:03.822853 - Checking channel: 
2025-05-21T13:46:03.822869 - Checking channel: 
2025-05-21T13:46:03.822884 - Checking channel: 
2025-05-21T13:46:03.822900 - Checking channel: 
2025-05-21T13:46:03.822916 - Checking channel: 
2025-05-21T13:46:03.822932 - Checking channel: 
2025-05-21T13:46:03.822947 - Checking channel: 
2025-05-21T13:46:03.822963 - Checking channel: 
2025-05-21T13:46:03.822979 - Checking channel: 
2025-05-21T13:46:03.822999 - Checking channel: 
2025-05-21T13:46:03.823016 - Checking channel: 
2025-05-21T13:46:03.823031 - Checking channel: 
2025-05-21T13:46:03.823046 - Checking channel: 
2025-05-21T13:46:03.823061 - Checking channel: 
2025-05-21T13:46:03.823076 - Checking channel: 
2025-05-21T13:46:03.823091 - Checking channel: 
2025-05-21T13:46:03.823107 - Checking channel: 
2025-05-21T13:46:03.868979 - Successfully wrote output to public/si.xml
2025-05-21T13:46:03.869016 - Output file verification: SUCCESS
2025-05-21T13:46:03.870721 - Process completed: SUCCESS
2025-05-22T13:46:39.351030 - Starting translation process
2025-05-22T13:46:39.351071 - Config: {'input_file': 'public/lk.xml', 'output_file': 'public/si.xml', 'mappings_file': 'translation_mappings.yml', 'debug_log': 'translation_debug.log'}
2025-05-22T13:46:39.351107 - Loaded mappings from translation_mappings.yml
2025-05-22T13:46:39.353181 - Loaded 22 direct mappings
2025-05-22T13:46:39.353211 - Starting translation: public/lk.xml → public/si.xml
2025-05-22T13:46:39.381299 - Found 20 channels in XML
2025-05-22T13:46:39.381694 - Checking channel: 
2025-05-22T13:46:39.381718 - Checking channel: 
2025-05-22T13:46:39.381737 - Checking channel: 
2025-05-22T13:46:39.381754 - Checking channel: 
2025-05-22T13:46:39.381770 - Checking channel: 
2025-05-22T13:46:39.381785 - Checking channel: 
2025-05-22T13:46:39.381801 - Checking channel: 
2025-05-22T13:46:39.381817 - Checking channel: 
2025-05-22T13:46:39.381832 - Checking channel: 
2025-05-22T13:46:39.381847 - Checking channel: 
2025-05-22T13:46:39.381867 - Checking channel: 
2025-05-22T13:46:39.381909 - Checking channel: 
2025-05-22T13:46:39.381926 - Checking channel: 
2025-05-22T13:46:39.381942 - Checking channel: 
2025-05-22T13:46:39.381957 - Checking channel: 
2025-05-22T13:46:39.381972 - Checking channel: 
2025-05-22T13:46:39.381988 - Checking channel: 
2025-05-22T13:46:39.382004 - Checking channel: 
2025-05-22T13:46:39.382036 - Checking channel: 
2025-05-22T13:46:39.382059 - Checking channel: 
2025-05-22T13:46:39.428534 - Successfully wrote output to public/si.xml
2025-05-22T13:46:39.428573 - Output file verification: SUCCESS
2025-05-22T13:46:39.430531 - Process completed: SUCCESS
2025-05-23T13:43:59.212599 - Starting translation process
2025-05-23T13:43:59.212643 - Config: {'input_file': 'public/lk.xml', 'output_file': 'public/si.xml', 'mappings_file': 'translation_mappings.yml', 'debug_log': 'translation_debug.log'}
2025-05-23T13:43:59.212679 - Loaded mappings from translation_mappings.yml
2025-05-23T13:43:59.214823 - Loaded 22 direct mappings
2025-05-23T13:43:59.214853 - Starting translation: public/lk.xml → public/si.xml
2025-05-23T13:43:59.243302 - Found 20 channels in XML
2025-05-23T13:43:59.243642 - Checking channel: 
2025-05-23T13:43:59.243663 - Checking channel: 
2025-05-23T13:43:59.243681 - Checking channel: 
2025-05-23T13:43:59.243699 - Checking channel: 
2025-05-23T13:43:59.243715 - Checking channel: 
2025-05-23T13:43:59.243731 - Checking channel: 
2025-05-23T13:43:59.243747 - Checking channel: 
2025-05-23T13:43:59.243762 - Checking channel: 
2025-05-23T13:43:59.243778 - Checking channel: 
2025-05-23T13:43:59.243793 - Checking channel: 
2025-05-23T13:43:59.243808 - Checking channel: 
2025-05-23T13:43:59.243824 - Checking channel: 
2025-05-23T13:43:59.243839 - Checking channel: 
2025-05-23T13:43:59.243854 - Checking channel: 
2025-05-23T13:43:59.243870 - Checking channel: 
2025-05-23T13:43:59.243885 - Checking channel: 
2025-05-23T13:43:59.243900 - Checking channel: 
2025-05-23T13:43:59.243915 - Checking channel: 
2025-05-23T13:43:59.243934 - Checking channel: 
2025-05-23T13:43:59.243950 - Checking channel: 
2025-05-23T13:43:59.289019 - Successfully wrote output to public/si.xml
2025-05-23T13:43:59.289058 - Output file verification: SUCCESS
2025-05-23T13:43:59.290924 - Process completed: SUCCESS
2025-05-23T21:45:35.150852 - Starting translation process
2025-05-23T21:45:35.153090 - Loaded 22 translations from translation_mappings.yml
2025-05-23T21:45:35.153128 - Processing public/lk.xml → public/si.xml
2025-05-23T21:45:35.175679 - Processing channel ID: Rupavahini
2025-05-23T21:45:35.175735 - Processing channel ID: Sirasa TV
2025-05-23T21:45:35.175763 - Processing channel ID: Siyatha TV
2025-05-23T21:45:35.175789 - Translated 3 channels and 0 programs
2025-05-23T21:45:35.222016 - Successfully wrote to public/si.xml
2025-05-23T21:45:35.223835 - Process completed successfully
2025-05-23T21:49:39.242724 - Loaded 22 translations
2025-05-23T21:49:39.242764 - Starting processing public/lk.xml
2025-05-23T21:49:39.265084 - Processing channel: Rupavahini
2025-05-23T21:49:39.265119 - Updated Sinhala display-name to රූපවාහිනී
2025-05-23T21:49:39.265160 - Processing channel: Sirasa TV
2025-05-23T21:49:39.265182 - Updated Sinhala display-name to සිරසා ටීවී
2025-05-23T21:49:39.265208 - Processing channel: Siyatha TV
2025-05-23T21:49:39.265228 - Updated Sinhala display-name to සියත ටීවී
2025-05-23T21:49:39.265253 - Processed 3 channels
2025-05-23T21:49:39.309429 - Successfully wrote public/si.xml
2025-05-23T21:49:39.310971 - Process succeeded
2025-05-24T13:40:15.880885 - Loaded 22 translations
2025-05-24T13:40:15.880920 - Starting processing public/lk.xml
2025-05-24T13:40:15.903318 - Processing channel: Rupavahini
2025-05-24T13:40:15.903354 - Updated display-name to රූපවාහිනී
2025-05-24T13:40:15.903395 - Processing channel: Sirasa TV
2025-05-24T13:40:15.903417 - Updated display-name to සිරසා ටීවී
2025-05-24T13:40:15.903442 - Processing channel: Siyatha TV
2025-05-24T13:40:15.903460 - Updated display-name to සියත ටීවී
2025-05-24T13:40:15.903485 - Processed 3 channels and 0 programs
2025-05-24T13:40:15.947288 - Successfully wrote public/si.xml
2025-05-24T13:40:15.948946 - Process succeeded
2025-05-25T06:14:48.029429 - Loaded 60 translations
2025-05-25T06:14:48.029465 - Starting processing public/lk.xml
2025-05-25T06:14:48.051914 - Updated Rupavahini display-name to රූපවාහිනී
2025-05-25T06:14:48.051948 - Updated Sirasa TV display-name to සිරසා ටීවී
2025-05-25T06:14:48.051971 - Updated Siyatha TV display-name to සියත ටීවී
2025-05-25T06:14:48.052561 - Translated title: News - Live → සජීවී ප්‍රවෘත්ති
2025-05-25T06:14:48.052604 - Translated desc: News - Live → සජීවී ප්‍රවෘත්ති
2025-05-25T06:14:48.052659 - Translated title: News - Live → සජීවී ප්‍රවෘත්ති
2025-05-25T06:14:48.052691 - Translated desc: News - Live → සජීවී ප්‍රවෘත්ති
2025-05-25T06:14:48.052715 - Translated title: Movie → චිත්‍රපට
2025-05-25T06:14:48.052736 - Translated desc: Movie → චිත්‍රපට
2025-05-25T06:14:48.052758 - Translated title: News - Live → සජීවී ප්‍රවෘත්ති
2025-05-25T06:14:48.052778 - Translated desc: News - Live → සජීවී ප්‍රවෘත්ති
2025-05-25T06:14:48.052799 - Translated title: Movie → චිත්‍රපට
2025-05-25T06:14:48.052819 - Translated desc: Movie → චිත්‍රපට
2025-05-25T06:14:48.052869 - Translated title: News - Live → සජීවී ප්‍රවෘත්ති
2025-05-25T06:14:48.052891 - Translated desc: News - Live → සජීවී ප්‍රවෘත්ති
2025-05-25T06:14:48.052954 - Translated title: News - Live → සජීවී ප්‍රවෘත්ති
2025-05-25T06:14:48.052975 - Translated desc: News - Live → සජීවී ප්‍රවෘත්ති
2025-05-25T06:14:48.053231 - Translated title: News - Live → සජීවී ප්‍රවෘත්ති
2025-05-25T06:14:48.053260 - Translated desc: News - Live → සජීවී ප්‍රවෘත්ති
2025-05-25T06:14:48.053331 - Translated title: News - Live → සජීවී ප්‍රවෘත්ති
2025-05-25T06:14:48.053358 - Translated desc: News - Live → සජීවී ප්‍රවෘත්ති
2025-05-25T06:14:48.053380 - Translated title: Movie → චිත්‍රපට
2025-05-25T06:14:48.053401 - Translated desc: Movie → චිත්‍රපට
2025-05-25T06:14:48.053422 - Translated title: News - Live → සජීවී ප්‍රවෘත්ති
2025-05-25T06:14:48.053442 - Translated desc: News - Live → සජීවී ප්‍රවෘත්ති
2025-05-25T06:14:48.053463 - Translated title: Movie → චිත්‍රපට
2025-05-25T06:14:48.053483 - Translated desc: Movie → චිත්‍රපට
2025-05-25T06:14:48.053532 - Translated title: News - Live → සජීවී ප්‍රවෘත්ති
2025-05-25T06:14:48.053553 - Translated desc: News - Live → සජීවී ප්‍රවෘත්ති
2025-05-25T06:14:48.053627 - Translated title: News - Live → සජීවී ප්‍රවෘත්ති
2025-05-25T06:14:48.053649 - Translated desc: News - Live → සජීවී ප්‍රවෘත්ති
2025-05-25T06:14:48.053890 - Translated title: News - Live → සජීවී ප්‍රවෘත්ති
2025-05-25T06:14:48.053911 - Translated desc: News - Live → සජීවී ප්‍රවෘත්ති
2025-05-25T06:14:48.053960 - Translated title: News - Live → සජීවී ප්‍රවෘත්ති
2025-05-25T06:14:48.053980 - Translated desc: News - Live → සජීවී ප්‍රවෘත්ති
2025-05-25T06:14:48.054001 - Translated title: Movie → චිත්‍රපට
2025-05-25T06:14:48.054021 - Translated desc: Movie → චිත්‍රපට
2025-05-25T06:14:48.054042 - Translated title: News - Live → සජීවී ප්‍රවෘත්ති
2025-05-25T06:14:48.054062 - Translated desc: News - Live → සජීවී ප්‍රවෘත්ති
2025-05-25T06:14:48.054082 - Translated title: Movie → චිත්‍රපට
2025-05-25T06:14:48.054102 - Translated desc: Movie → චිත්‍රපට
2025-05-25T06:14:48.054160 - Translated title: News - Live → සජීවී ප්‍රවෘත්ති
2025-05-25T06:14:48.054181 - Translated desc: News - Live → සජීවී ප්‍රවෘත්ති
2025-05-25T06:14:48.054229 - Translated title: News - Live → සජීවී ප්‍රවෘත්ති
2025-05-25T06:14:48.054250 - Translated desc: News - Live → සජීවී ප්‍රවෘත්ති
2025-05-25T06:14:48.054566 - Translated title: News - Live → සජීවී ප්‍රවෘත්ති
2025-05-25T06:14:48.054592 - Translated desc: News - Live → සජීවී ප්‍රවෘත්ති
2025-05-25T06:14:48.054980 - Translated title: News - Live → සජීවී ප්‍රවෘත්ති
2025-05-25T06:14:48.055003 - Translated desc: News - Live → සජීවී ප්‍රවෘත්ති
2025-05-25T06:14:48.056811 - Translated title: Movie → චිත්‍රපට
2025-05-25T06:14:48.056840 - Translated desc: Movie → චිත්‍රපට
2025-05-25T06:14:48.057008 - Translated title: Movie → චිත්‍රපට
2025-05-25T06:14:48.057032 - Translated desc: Movie → චිත්‍රපට
2025-05-25T06:14:48.057283 - Translated title: Movie → චිත්‍රපට
2025-05-25T06:14:48.057321 - Translated desc: Movie → චිත්‍රපට
2025-05-25T06:14:48.057442 - Translated title: Movie → චිත්‍රපට
2025-05-25T06:14:48.057464 - Translated desc: Movie → චිත්‍රපට
2025-05-25T06:14:48.058937 - Translated title: Drama → නාට්ය
2025-05-25T06:14:48.058963 - Translated desc: Drama → නාට්ය
2025-05-25T06:14:48.059013 - Translated title: Movie → චිත්‍රපට
2025-05-25T06:14:48.059039 - Translated desc: Movie → චිත්‍රපට
2025-05-25T06:14:48.059218 - Translated title: Drama → නාට්ය
2025-05-25T06:14:48.059239 - Translated desc: Drama → නාට්ය
2025-05-25T06:14:48.059302 - Translated title: Movie → චිත්‍රපට
2025-05-25T06:14:48.059331 - Translated desc: Movie → චිත්‍රපට
2025-05-25T06:14:48.059856 - Processed 3 channels and 454 programmes
2025-05-25T06:14:48.104738 - Successfully wrote public/si.xml
2025-05-25T06:14:48.106335 - Process succeeded
2025-05-25T09:22:21.424416 - Loaded 92 translations
2025-05-25T09:22:21.424454 - Starting processing public/lk.xml
2025-05-25T09:22:21.446987 - Updated Rupavahini display-name to රූපවාහිනී
2025-05-25T09:22:21.447021 - Updated Sirasa TV display-name to සිරස ටීවී
2025-05-25T09:22:21.447044 - Updated Siyatha TV display-name to සියත ටීවී
2025-05-25T09:22:21.447672 - Translated title: Paththara Sirasthala - Live → පත්තර සිරස්තල - සජිවී
2025-05-25T09:22:21.447705 - Translated desc: Paththara Sirasthala - Live → පත්තර සිරස්තල - සජිවී
2025-05-25T09:22:21.447769 - Translated title: News - Live → සජීවී ප්‍රවෘත්ති
2025-05-25T09:22:21.447793 - Translated desc: News - Live → සජීවී ප්‍රවෘත්ති
2025-05-25T09:22:21.447857 - Translated title: News - Live → සජීවී ප්‍රවෘත්ති
2025-05-25T09:22:21.447879 - Translated desc: News - Live → සජීවී ප්‍රවෘත්ති
2025-05-25T09:22:21.447901 - Translated title: Movie → චිත්‍රපට
2025-05-25T09:22:21.447923 - Translated desc: Movie → චිත්‍රපට
2025-05-25T09:22:21.447945 - Translated title: News - Live → සජීවී ප්‍රවෘත්ති
2025-05-25T09:22:21.447966 - Translated desc: News - Live → සජීවී ප්‍රවෘත්ති
2025-05-25T09:22:21.447988 - Translated title: Movie → චිත්‍රපට
2025-05-25T09:22:21.448009 - Translated desc: Movie → චිත්‍රපට
2025-05-25T09:22:21.448070 - Translated title: News - Live → සජීවී ප්‍රවෘත්ති
2025-05-25T09:22:21.448115 - Translated desc: News - Live → සජීවී ප්‍රවෘත්ති
2025-05-25T09:22:21.448197 - Translated title: News - Live → සජීවී ප්‍රවෘත්ති
2025-05-25T09:22:21.448219 - Translated desc: News - Live → සජීවී ප්‍රවෘත්ති
2025-05-25T09:22:21.448334 - Translated title: News And Weather Report - Live → ප්‍රවෘත්ති සහ කාළගුණ වාර්තාව- සජීවී
2025-05-25T09:22:21.448362 - Translated desc: News And Weather Report - Live → ප්‍රවෘත්ති සහ කාළගුණ වාර්තාව- සජීවී
2025-05-25T09:22:21.448491 - Translated title: End Of Transmission → වැඩසටහන් නිමාව
2025-05-25T09:22:21.448526 - Translated desc: End Of Transmission → වැඩසටහන් නිමාව
2025-05-25T09:22:21.448612 - Translated title: Paththara Sirasthala - Live → පත්තර සිරස්තල - සජිවී
2025-05-25T09:22:21.448634 - Translated desc: Paththara Sirasthala - Live → පත්තර සිරස්තල - සජිවී
2025-05-25T09:22:21.448692 - Translated title: News - Live → සජීවී ප්‍රවෘත්ති
2025-05-25T09:22:21.448714 - Translated desc: News - Live → සජීවී ප්‍රවෘත්ති
2025-05-25T09:22:21.448772 - Translated title: News - Live → සජීවී ප්‍රවෘත්ති
2025-05-25T09:22:21.448793 - Translated desc: News - Live → සජීවී ප්‍රවෘත්ති
2025-05-25T09:22:21.448813 - Translated title: Movie → චිත්‍රපට
2025-05-25T09:22:21.448834 - Translated desc: Movie → චිත්‍රපට
2025-05-25T09:22:21.448855 - Translated title: News - Live → සජීවී ප්‍රවෘත්ති
2025-05-25T09:22:21.448876 - Translated desc: News - Live → සජීවී ප්‍රවෘත්ති
2025-05-25T09:22:21.448896 - Translated title: Movie → චිත්‍රපට
2025-05-25T09:22:21.448917 - Translated desc: Movie → චිත්‍රපට
2025-05-25T09:22:21.448975 - Translated title: News - Live → සජීවී ප්‍රවෘත්ති
2025-05-25T09:22:21.448996 - Translated desc: News - Live → සජීවී ප්‍රවෘත්ති
2025-05-25T09:22:21.449106 - Translated title: News - Live → සජීවී ප්‍රවෘත්ති
2025-05-25T09:22:21.449132 - Translated desc: News - Live → සජීවී ප්‍රවෘත්ති
2025-05-25T09:22:21.449209 - Translated title: News And Weather Report - Live → ප්‍රවෘත්ති සහ කාළගුණ වාර්තාව- සජීවී
2025-05-25T09:22:21.449230 - Translated desc: News And Weather Report - Live → ප්‍රවෘත්ති සහ කාළගුණ වාර්තාව- සජීවී
2025-05-25T09:22:21.449348 - Translated title: End Of Transmission → වැඩසටහන් නිමාව
2025-05-25T09:22:21.449377 - Translated desc: End Of Transmission → වැඩසටහන් නිමාව
2025-05-25T09:22:21.449406 - Translated title: End Of Transmission → වැඩසටහන් නිමාව
2025-05-25T09:22:21.449435 - Translated desc: End Of Transmission → වැඩසටහන් නිමාව
2025-05-25T09:22:21.449510 - Translated title: Paththara Sirasthala - Live → පත්තර සිරස්තල - සජිවී
2025-05-25T09:22:21.449531 - Translated desc: Paththara Sirasthala - Live → පත්තර සිරස්තල - සජිවී
2025-05-25T09:22:21.449589 - Translated title: News - Live → සජීවී ප්‍රවෘත්ති
2025-05-25T09:22:21.449609 - Translated desc: News - Live → සජීවී ප්‍රවෘත්ති
2025-05-25T09:22:21.449669 - Translated title: News - Live → සජීවී ප්‍රවෘත්ති
2025-05-25T09:22:21.449697 - Translated desc: News - Live → සජීවී ප්‍රවෘත්ති
2025-05-25T09:22:21.449718 - Translated title: Movie → චිත්‍රපට
2025-05-25T09:22:21.449739 - Translated desc: Movie → චිත්‍රපට
2025-05-25T09:22:21.449760 - Translated title: News - Live → සජීවී ප්‍රවෘත්ති
2025-05-25T09:22:21.449780 - Translated desc: News - Live → සජීවී ප්‍රවෘත්ති
2025-05-25T09:22:21.449800 - Translated title: Movie → චිත්‍රපට
2025-05-25T09:22:21.449821 - Translated desc: Movie → චිත්‍රපට
2025-05-25T09:22:21.449880 - Translated title: News - Live → සජීවී ප්‍රවෘත්ති
2025-05-25T09:22:21.449907 - Translated desc: News - Live → සජීවී ප්‍රවෘත්ති
2025-05-25T09:22:21.449967 - Translated title: News - Live → සජීවී ප්‍රවෘත්ති
2025-05-25T09:22:21.449988 - Translated desc: News - Live → සජීවී ප්‍රවෘත්ති
2025-05-25T09:22:21.450098 - Translated title: News And Weather Report - Live → ප්‍රවෘත්ති සහ කාළගුණ වාර්තාව- සජීවී
2025-05-25T09:22:21.450126 - Translated desc: News And Weather Report - Live → ප්‍රවෘත්ති සහ කාළගුණ වාර්තාව- සජීවී
2025-05-25T09:22:21.450235 - Translated title: End Of Transmission → වැඩසටහන් නිමාව
2025-05-25T09:22:21.450266 - Translated desc: End Of Transmission → වැඩසටහන් නිමාව
2025-05-25T09:22:21.450295 - Translated title: End Of Transmission → වැඩසටහන් නිමාව
2025-05-25T09:22:21.450332 - Translated desc: End Of Transmission → වැඩසටහන් නිමාව
2025-05-25T09:22:21.450419 - Translated title: Sivudesa → සිව්දෙස
2025-05-25T09:22:21.450460 - Translated desc: Sivudesa → සිව්දෙස
2025-05-25T09:22:21.450736 - Translated title: News - Live → සජීවී ප්‍රවෘත්ති
2025-05-25T09:22:21.450791 - Translated desc: News - Live → සජීවී ප්‍රවෘත්ති
2025-05-25T09:22:21.451064 - Translated title: News And Weather Report - Live → ප්‍රවෘත්ති සහ කාළගුණ වාර්තාව- සජීවී
2025-05-25T09:22:21.451126 - Translated desc: News And Weather Report - Live → ප්‍රවෘත්ති සහ කාළගුණ වාර්තාව- සජීවී
2025-05-25T09:22:21.451241 - Translated title: End Of Transmission → වැඩසටහන් නිමාව
2025-05-25T09:22:21.451274 - Translated desc: End Of Transmission → වැඩසටහන් නිමාව
2025-05-25T09:22:21.451336 - Translated title: Samma Ditti → සම්මා දිට්ටී
2025-05-25T09:22:21.451358 - Translated desc: Samma Ditti → සම්මා දිට්ටී
2025-05-25T09:22:21.451380 - Translated title: Paththara Sirasthala - Live → පත්තර සිරස්තල - සජිවී
2025-05-25T09:22:21.451400 - Translated desc: Paththara Sirasthala - Live → පත්තර සිරස්තල - සජිවී
2025-05-25T09:22:21.451462 - Translated title: Sunday Ayubowan - Live → ඉරිදා ආයුබෝවන් - සජිවී
2025-05-25T09:22:21.451484 - Translated desc: Sunday Ayubowan - Live → ඉරිදා ආයුබෝවන් - සජිවී
2025-05-25T09:22:21.451563 - Translated title: News - Live → සජීවී ප්‍රවෘත්ති
2025-05-25T09:22:21.451584 - Translated desc: News - Live → සජීවී ප්‍රවෘත්ති
2025-05-25T09:22:21.451643 - Translated title: Ayubowewa → ආයූබෝවේවා
2025-05-25T09:22:21.451672 - Translated desc: Ayubowewa → ආයූබෝවේවා
2025-05-25T09:22:21.451693 - Translated title: Kreeda Visithuru - Live → ක්‍රීඩා විසිතුරු - සජීවී
2025-05-25T09:22:21.451713 - Translated desc: Kreeda Visithuru - Live → ක්‍රීඩා විසිතුරු - සජීවී
2025-05-25T09:22:21.451753 - Translated title: Business In Brief → ව්‍යාපාරික තොරතුරු සැකෙවින්
2025-05-25T09:22:21.451774 - Translated desc: Business In Brief → ව්‍යාපාරික තොරතුරු සැකෙවින්
2025-05-25T09:22:21.451831 - Translated title: Govibimata Arunalu → ගොවිබිමට අරුණලු
2025-05-25T09:22:21.451859 - Translated desc: Govibimata Arunalu → ගොවිබිමට අරුණලු
2025-05-25T09:22:21.451934 - Translated title: News And Weather Report - Live → ප්‍රවෘත්ති සහ කාළගුණ වාර්තාව- සජීවී
2025-05-25T09:22:21.451962 - Translated desc: News And Weather Report - Live → ප්‍රවෘත්ති සහ කාළගුණ වාර්තාව- සජීවී
2025-05-25T09:22:21.452039 - Translated title: Program → වැඩසටහන
2025-05-25T09:22:21.452060 - Translated desc: Program → වැඩසටහන
2025-05-25T09:22:21.452105 - Translated title: Program → වැඩසටහන
2025-05-25T09:22:21.452134 - Translated desc: Program → වැඩසටහන
2025-05-25T09:22:21.452156 - Translated title: Program → වැඩසටහන
2025-05-25T09:22:21.452177 - Translated desc: Program → වැඩසටහන
2025-05-25T09:22:21.452198 - Translated title: Program → වැඩසටහන
2025-05-25T09:22:21.452218 - Translated desc: Program → වැඩසටහන
2025-05-25T09:22:21.452238 - Translated title: Program → වැඩසටහන
2025-05-25T09:22:21.452258 - Translated desc: Program → වැඩසටහන
2025-05-25T09:22:21.452279 - Translated title: Program → වැඩසටහන
2025-05-25T09:22:21.452299 - Translated desc: Program → වැඩසටහන
2025-05-25T09:22:21.452326 - Translated title: Program → වැඩසටහන
2025-05-25T09:22:21.452347 - Translated desc: Program → වැඩසටහන
2025-05-25T09:22:21.452367 - Translated title: Program → වැඩසටහන
2025-05-25T09:22:21.452387 - Translated desc: Program → වැඩසටහන
2025-05-25T09:22:21.452407 - Translated title: Program → වැඩසටහන
2025-05-25T09:22:21.452427 - Translated desc: Program → වැඩසටහන
2025-05-25T09:22:21.452447 - Translated title: Program → වැඩසටහන
2025-05-25T09:22:21.452466 - Translated desc: Program → වැඩසටහන
2025-05-25T09:22:21.452486 - Translated title: Program → වැඩසටහන
2025-05-25T09:22:21.452506 - Translated desc: Program → වැඩසටහන
2025-05-25T09:22:21.452526 - Translated title: Program → වැඩසටහන
2025-05-25T09:22:21.452545 - Translated desc: Program → වැඩසටහන
2025-05-25T09:22:21.452565 - Translated title: Program → වැඩසටහන
2025-05-25T09:22:21.452584 - Translated desc: Program → වැඩසටහන
2025-05-25T09:22:21.452605 - Translated title: Program → වැඩසටහන
2025-05-25T09:22:21.452624 - Translated desc: Program → වැඩසටහන
2025-05-25T09:22:21.452645 - Translated title: Program → වැඩසටහන
2025-05-25T09:22:21.452664 - Translated desc: Program → වැඩසටහන
2025-05-25T09:22:21.452685 - Translated title: Program → වැඩසටහන
2025-05-25T09:22:21.452704 - Translated desc: Program → වැඩසටහන
2025-05-25T09:22:21.452724 - Translated title: Program → වැඩසටහන
2025-05-25T09:22:21.452744 - Translated desc: Program → වැඩසටහන
2025-05-25T09:22:21.452764 - Translated title: Program → වැඩසටහන
2025-05-25T09:22:21.452783 - Translated desc: Program → වැඩසටහන
2025-05-25T09:22:21.452803 - Translated title: Program → වැඩසටහන
2025-05-25T09:22:21.452823 - Translated desc: Program → වැඩසටහන
2025-05-25T09:22:21.452843 - Translated title: Program → වැඩසටහන
2025-05-25T09:22:21.452863 - Translated desc: Program → වැඩසටහන
2025-05-25T09:22:21.452883 - Translated title: Program → වැඩසටහන
2025-05-25T09:22:21.452903 - Translated desc: Program → වැඩසටහන
2025-05-25T09:22:21.452923 - Translated title: Program → වැඩසටහන
2025-05-25T09:22:21.452942 - Translated desc: Program → වැඩසටහන
2025-05-25T09:22:21.452967 - Translated title: Program → වැඩසටහන
2025-05-25T09:22:21.452987 - Translated desc: Program → වැඩසටහන
2025-05-25T09:22:21.453007 - Translated title: Program → වැඩසටහන
2025-05-25T09:22:21.453033 - Translated desc: Program → වැඩසටහන
2025-05-25T09:22:21.453055 - Translated title: Program → වැඩසටහන
2025-05-25T09:22:21.453096 - Translated desc: Program → වැඩසටහන
2025-05-25T09:22:21.453127 - Translated title: Program → වැඩසටහන
2025-05-25T09:22:21.453148 - Translated desc: Program → වැඩසටහන
2025-05-25T09:22:21.453169 - Translated title: Program → වැඩසටහන
2025-05-25T09:22:21.453214 - Translated desc: Program → වැඩසටහන
2025-05-25T09:22:21.453256 - Translated title: Program → වැඩසටහන
2025-05-25T09:22:21.453297 - Translated desc: Program → වැඩසටහන
2025-05-25T09:22:21.453328 - Translated title: Program → වැඩසටහන
2025-05-25T09:22:21.453364 - Translated desc: Program → වැඩසටහන
2025-05-25T09:22:21.453406 - Translated title: Program → වැඩසටහන
2025-05-25T09:22:21.453459 - Translated desc: Program → වැඩසටහන
2025-05-25T09:22:21.453660 - Translated title: News @ 7 → ප්‍රවෘත්ති @ 7
2025-05-25T09:22:21.453703 - Translated desc: News @ 7 → ප්‍රවෘත්ති @ 7
2025-05-25T09:22:21.453959 - Translated title: Lunch Time News → දහවල් ප්‍රවෘත්ති
2025-05-25T09:22:21.453999 - Translated desc: Lunch Time News → දහවල් ප්‍රවෘත්ති
2025-05-25T09:22:21.454243 - Translated title: News 1St → නිවුස් 1st
2025-05-25T09:22:21.454274 - Translated desc: News 1St → නිවුස් 1st
2025-05-25T09:22:21.454390 - Translated title: News 1St → නිවුස් 1st
2025-05-25T09:22:21.454414 - Translated desc: News 1St → නිවුස් 1st
2025-05-25T09:22:21.454462 - Translated title: End Of Transmission → වැඩසටහන් නිමාව
2025-05-25T09:22:21.454492 - Translated desc: End Of Transmission → වැඩසටහන් නිමාව
2025-05-25T09:22:21.454533 - Translated title: News @ 7 → ප්‍රවෘත්ති @ 7
2025-05-25T09:22:21.454554 - Translated desc: News @ 7 → ප්‍රවෘත්ති @ 7
2025-05-25T09:22:21.454703 - Translated title: Lunch Time News → දහවල් ප්‍රවෘත්ති
2025-05-25T09:22:21.454726 - Translated desc: Lunch Time News → දහවල් ප්‍රවෘත්ති
2025-05-25T09:22:21.454924 - Translated title: News 1St → නිවුස් 1st
2025-05-25T09:22:21.454946 - Translated desc: News 1St → නිවුස් 1st
2025-05-25T09:22:21.455060 - Translated title: News 1St → නිවුස් 1st
2025-05-25T09:22:21.455110 - Translated desc: News 1St → නිවුස් 1st
2025-05-25T09:22:21.455173 - Translated title: End Of Transmission → වැඩසටහන් නිමාව
2025-05-25T09:22:21.455204 - Translated desc: End Of Transmission → වැඩසටහන් නිමාව
2025-05-25T09:22:21.455246 - Translated title: News @ 7 → ප්‍රවෘත්ති @ 7
2025-05-25T09:22:21.455267 - Translated desc: News @ 7 → ප්‍රවෘත්ති @ 7
2025-05-25T09:22:21.455415 - Translated title: Lunch Time News → දහවල් ප්‍රවෘත්ති
2025-05-25T09:22:21.455438 - Translated desc: Lunch Time News → දහවල් ප්‍රවෘත්ති
2025-05-25T09:22:21.455635 - Translated title: News 1St → නිවුස් 1st
2025-05-25T09:22:21.455659 - Translated desc: News 1St → නිවුස් 1st
2025-05-25T09:22:21.455795 - Translated title: News 1St → නිවුස් 1st
2025-05-25T09:22:21.455819 - Translated desc: News 1St → නිවුස් 1st
2025-05-25T09:22:21.455841 - Translated title: Movie → චිත්‍රපට
2025-05-25T09:22:21.455861 - Translated desc: Movie → චිත්‍රපට
2025-05-25T09:22:21.455891 - Translated title: End Of Transmission → වැඩසටහන් නිමාව
2025-05-25T09:22:21.455919 - Translated desc: End Of Transmission → වැඩසටහන් නිමාව
2025-05-25T09:22:21.455968 - Translated title: News @ 7 → ප්‍රවෘත්ති @ 7
2025-05-25T09:22:21.455990 - Translated desc: News @ 7 → ප්‍රවෘත්ති @ 7
2025-05-25T09:22:21.456049 - Translated title: Kids 1st → කිඩ්ස් 1st
2025-05-25T09:22:21.456069 - Translated desc: Kids 1st → කිඩ්ස් 1st
2025-05-25T09:22:21.456122 - Translated title: Kids Movie → ළමා චිත්‍රපට
2025-05-25T09:22:21.456144 - Translated desc: Kids Movie → ළමා චිත්‍රපට
2025-05-25T09:22:21.456203 - Translated title: Kadalla → කැදැල්ල
2025-05-25T09:22:21.456225 - Translated desc: Kadalla → කැදැල්ල
2025-05-25T09:22:21.456266 - Translated title: Movie → චිත්‍රපට
2025-05-25T09:22:21.456286 - Translated desc: Movie → චිත්‍රපට
2025-05-25T09:22:21.456325 - Translated title: Tharu Samaga Tharu → තරු සමග තරු
2025-05-25T09:22:21.456346 - Translated desc: Tharu Samaga Tharu → තරු සමග තරු
2025-05-25T09:22:21.456387 - Translated title: News 1St → නිවුස් 1st
2025-05-25T09:22:21.456409 - Translated desc: News 1St → නිවුස් 1st
2025-05-25T09:22:21.456466 - Translated title: News 1St → නිවුස් 1st
2025-05-25T09:22:21.456488 - Translated desc: News 1St → නිවුස් 1st
2025-05-25T09:22:21.456533 - Translated title: End Of Transmission → වැඩසටහන් නිමාව
2025-05-25T09:22:21.456561 - Translated desc: End Of Transmission → වැඩසටහන් නිමාව
2025-05-25T09:22:21.456602 - Translated title: News @ 7 → ප්‍රවෘත්ති @ 7
2025-05-25T09:22:21.456622 - Translated desc: News @ 7 → ප්‍රවෘත්ති @ 7
2025-05-25T09:22:21.456679 - Translated title: Kids Movie → ළමා චිත්‍රපට
2025-05-25T09:22:21.456699 - Translated desc: Kids Movie → ළමා චිත්‍රපට
2025-05-25T09:22:21.456773 - Translated title: Movie → චිත්‍රපට
2025-05-25T09:22:21.456794 - Translated desc: Movie → චිත්‍රපට
2025-05-25T09:22:21.456851 - Translated title: News 1St → නිවුස් 1st
2025-05-25T09:22:21.456873 - Translated desc: News 1St → නිවුස් 1st
2025-05-25T09:22:21.456930 - Translated title: News 1St → නිවුස් 1st
2025-05-25T09:22:21.456951 - Translated desc: News 1St → නිවුස් 1st
2025-05-25T09:22:21.456971 - Translated title: Movie → චිත්‍රපට
2025-05-25T09:22:21.456991 - Translated desc: Movie → චිත්‍රපට
2025-05-25T09:22:21.457019 - Translated title: End Of Transmission → වැඩසටහන් නිමාව
2025-05-25T09:22:21.457046 - Translated desc: End Of Transmission → වැඩසටහන් නිමාව
2025-05-25T09:22:21.457123 - Translated title: News @ 7 → ප්‍රවෘත්ති @ 7
2025-05-25T09:22:21.457152 - Translated desc: News @ 7 → ප්‍රවෘත්ති @ 7
2025-05-25T09:22:21.457301 - Translated title: Lunch Time News → දහවල් ප්‍රවෘත්ති
2025-05-25T09:22:21.457325 - Translated desc: Lunch Time News → දහවල් ප්‍රවෘත්ති
2025-05-25T09:22:21.457523 - Translated title: News 1St → නිවුස් 1st
2025-05-25T09:22:21.457546 - Translated desc: News 1St → නිවුස් 1st
2025-05-25T09:22:21.457666 - Translated title: News 1St → නිවුස් 1st
2025-05-25T09:22:21.457688 - Translated desc: News 1St → නිවුස් 1st
2025-05-25T09:22:21.457734 - Translated title: End Of Transmission → වැඩසටහන් නිමාව
2025-05-25T09:22:21.457763 - Translated desc: End Of Transmission → වැඩසටහන් නිමාව
2025-05-25T09:22:21.457968 - Translated title: Siyatha Paththare Live → සියත පත්තරේ සජීවී
2025-05-25T09:22:21.457998 - Translated desc: Siyatha Paththare Live → සියත පත්තරේ සජීවී
2025-05-25T09:22:21.458152 - Translated title: News @ 12 Noon Live → ප්‍රවෘත්ති @ පස්වරු 12 සජීවී
2025-05-25T09:22:21.458181 - Translated desc: News @ 12 Noon Live → ප්‍රවෘත්ති @ පස්වරු 12 සජීවී
2025-05-25T09:22:21.458459 - Translated title: Siyatha Paththare Live → සියත පත්තරේ සජීවී
2025-05-25T09:22:21.458482 - Translated desc: Siyatha Paththare Live → සියත පත්තරේ සජීවී
2025-05-25T09:22:21.458593 - Translated title: News @ 12 Noon Live → ප්‍රවෘත්ති @ පස්වරු 12 සජීවී
2025-05-25T09:22:21.458615 - Translated desc: News @ 12 Noon Live → ප්‍රවෘත්ති @ පස්වරු 12 සජීවී
2025-05-25T09:22:21.458882 - Translated title: Siyatha Paththare Live → සියත පත්තරේ සජීවී
2025-05-25T09:22:21.458903 - Translated desc: Siyatha Paththare Live → සියත පත්තරේ සජීවී
2025-05-25T09:22:21.459014 - Translated title: News @ 12 Noon Live → ප්‍රවෘත්ති @ පස්වරු 12 සජීවී
2025-05-25T09:22:21.459035 - Translated desc: News @ 12 Noon Live → ප්‍රවෘත්ති @ පස්වරු 12 සජීවී
2025-05-25T09:22:21.459320 - Translated title: Siyatha Paththare Live → සියත පත්තරේ සජීවී
2025-05-25T09:22:21.459346 - Translated desc: Siyatha Paththare Live → සියත පත්තරේ සජීවී
2025-05-25T09:22:21.459388 - Translated title: Sonduru Piyasa → සොදුරු පියස
2025-05-25T09:22:21.459410 - Translated desc: Sonduru Piyasa → සොදුරු පියස
2025-05-25T09:22:21.459450 - Translated title: News @ 12 Noon Live → ප්‍රවෘත්ති @ පස්වරු 12 සජීවී
2025-05-25T09:22:21.459471 - Translated desc: News @ 12 Noon Live → ප්‍රවෘත්ති @ පස්වරු 12 සජීවී
2025-05-25T09:22:21.459529 - Translated title: Soba → සෝබා
2025-05-25T09:22:21.459550 - Translated desc: Soba → සෝබා
2025-05-25T09:22:21.459571 - Translated title: Drama → නාට්ය
2025-05-25T09:22:21.459591 - Translated desc: Drama → නාට්ය
2025-05-25T09:22:21.459650 - Translated title: Movie → චිත්‍රපට
2025-05-25T09:22:21.459671 - Translated desc: Movie → චිත්‍රපට
2025-05-25T09:22:21.459763 - Translated title: Siyatha Paththare Live → සියත පත්තරේ සජීවී
2025-05-25T09:22:21.459784 - Translated desc: Siyatha Paththare Live → සියත පත්තරේ සජීවී
2025-05-25T09:22:21.459861 - Translated title: News @ 12 Noon Live → ප්‍රවෘත්ති @ පස්වරු 12 සජීවී
2025-05-25T09:22:21.459882 - Translated desc: News @ 12 Noon Live → ප්‍රවෘත්ති @ පස්වරු 12 සජීවී
2025-05-25T09:22:21.459956 - Translated title: Drama → නාට්ය
2025-05-25T09:22:21.459976 - Translated desc: Drama → නාට්ය
2025-05-25T09:22:21.460034 - Translated title: Movie → චිත්‍රපට
2025-05-25T09:22:21.460054 - Translated desc: Movie → චිත්‍රපට
2025-05-25T09:22:21.460164 - Translated title: Siyatha Paththare Live → සියත පත්තරේ සජීවී
2025-05-25T09:22:21.460191 - Translated desc: Siyatha Paththare Live → සියත පත්තරේ සජීවී
2025-05-25T09:22:21.460302 - Translated title: News @ 12 Noon Live → ප්‍රවෘත්ති @ පස්වරු 12 සජීවී
2025-05-25T09:22:21.460323 - Translated desc: News @ 12 Noon Live → ප්‍රවෘත්ති @ පස්වරු 12 සජීවී
2025-05-25T09:22:21.460556 - Translated title: Program → වැඩසටහන
2025-05-25T09:22:21.460577 - Translated desc: Program → වැඩසටහන
2025-05-25T09:22:21.460598 - Translated title: Program → වැඩසටහන
2025-05-25T09:22:21.460626 - Translated desc: Program → වැඩසටහන
2025-05-25T09:22:21.460646 - Translated title: Program → වැඩසටහන
2025-05-25T09:22:21.460666 - Translated desc: Program → වැඩසටහන
2025-05-25T09:22:21.460686 - Translated title: Program → වැඩසටහන
2025-05-25T09:22:21.460706 - Translated desc: Program → වැඩසටහන
2025-05-25T09:22:21.460726 - Translated title: Program → වැඩසටහන
2025-05-25T09:22:21.460746 - Translated desc: Program → වැඩසටහන
2025-05-25T09:22:21.460766 - Translated title: Program → වැඩසටහන
2025-05-25T09:22:21.460786 - Translated desc: Program → වැඩසටහන
2025-05-25T09:22:21.461005 - Processed 3 channels and 454 programmes
2025-05-25T09:22:21.505372 - Successfully wrote public/si.xml
2025-05-25T09:22:21.506915 - Process succeeded
